<?xml version="1.0" encoding="UTF-8"?>
<!-- Generated by org.testng.reporters.JUnitReportReporter -->
<testsuite skipped="0" hostname="EG-AMohammad" name="test.ValidateLoginAndLaunch" tests="2" failures="0" timestamp="2019-09-16T18:33:15 EET" time="82.738" errors="0">
  <testcase name="BD_ValidateLaunchWebsite" time="26.145" classname="test.ValidateLoginAndLaunch"/>
  <testcase name="BD_LoginSuccessfully" time="56.593" classname="test.ValidateLoginAndLaunch"/>
</testsuite> <!-- test.ValidateLoginAndLaunch -->
