<?xml version="1.0" encoding="UTF-8"?>
<!-- Generated by org.testng.reporters.JUnitReportReporter -->
<testsuite skipped="0" hostname="Eg-AMohamed" name="test.ValidateCreateNewPF" tests="1" failures="0" timestamp="2019-09-10T18:30:44 EET" time="62.322" errors="0">
  <testcase name="BD_ValidateCreationOfNewPharmacyFormualry" time="62.322" classname="test.ValidateCreateNewPF"/>
</testsuite> <!-- test.ValidateCreateNewPF -->
