<?xml version="1.0" encoding="UTF-8"?>
<!-- Generated by org.testng.reporters.JUnitReportReporter -->
<testsuite skipped="0" hostname="EG-AMohammad" name="test.ValidateCreateNewPF" tests="1" failures="0" timestamp="2019-11-02T00:43:32 EET" time="85.053" errors="0">
  <testcase name="BD_ValidateCreationOfNewPharmacyFormualry" time="85.053" classname="test.ValidateCreateNewPF"/>
</testsuite> <!-- test.ValidateCreateNewPF -->
