<?xml version="1.0" encoding="UTF-8"?>
<!-- Generated by org.testng.reporters.JUnitReportReporter -->
<testsuite skipped="0" hostname="Eg-AMohamed" name="test.ValidateCreateNewfacility" tests="1" failures="0" timestamp="2019-09-11T11:03:17 EET" time="66.198" errors="0">
  <testcase name="BD_ValidateCreationOfNewFacility" time="66.198" classname="test.ValidateCreateNewfacility"/>
</testsuite> <!-- test.ValidateCreateNewfacility -->
