<?xml version="1.0" encoding="UTF-8"?>
<!-- Generated by org.testng.reporters.JUnitReportReporter -->
<testsuite skipped="0" hostname="EG-AMohammad" name="test.ValidateLoginAndLaunch" tests="2" failures="0" timestamp="2019-09-16T16:12:46 EET" time="51.372" errors="0">
  <testcase name="BD_ValidateLaunchWebsite" time="21.289" classname="test.ValidateLoginAndLaunch"/>
  <testcase name="BD_LoginSuccessfully" time="30.083" classname="test.ValidateLoginAndLaunch"/>
</testsuite> <!-- test.ValidateLoginAndLaunch -->
