<?xml version="1.0" encoding="UTF-8"?>
<!-- Generated by org.testng.reporters.JUnitReportReporter -->
<testsuite skipped="0" hostname="EG-AMohammad" name="test.ValidateCreationOfAlignmentProjectDB" tests="1" failures="0" timestamp="2019-10-01T10:26:11 EET" time="2.000" errors="0">
  <testcase name="BD_ValidateCreationOfNewAlignmentProjectDB" time="2.000" classname="test.ValidateCreationOfAlignmentProjectDB"/>
</testsuite> <!-- test.ValidateCreationOfAlignmentProjectDB -->
