<?xml version="1.0" encoding="UTF-8"?>
<!-- Generated by org.testng.reporters.JUnitReportReporter -->
<testsuite skipped="0" hostname="Eg-AMohamed" name="test.ValidateLoginAndLaunch" tests="2" failures="0" timestamp="2019-09-10T18:30:44 EET" time="58.661" errors="0">
  <testcase name="BD_ValidateLaunchWebsite" time="21.612" classname="test.ValidateLoginAndLaunch"/>
  <testcase name="BD_LoginSuccessfully" time="37.049" classname="test.ValidateLoginAndLaunch"/>
</testsuite> <!-- test.ValidateLoginAndLaunch -->
