<?xml version="1.0" encoding="UTF-8"?>
<!-- Generated by org.testng.reporters.JUnitReportReporter -->
<testsuite skipped="0" hostname="EG-AMohammad" name="test.ValidateLoginAndLaunch" tests="2" failures="0" timestamp="2019-11-02T00:24:14 EET" time="143.886" errors="0">
  <testcase name="BD_LoginSuccessfully" time="113.107" classname="test.ValidateLoginAndLaunch"/>
  <testcase name="BD_ValidateLaunchWebsite" time="30.779" classname="test.ValidateLoginAndLaunch"/>
</testsuite> <!-- test.ValidateLoginAndLaunch -->
