<?xml version="1.0" encoding="UTF-8"?>
<!-- Generated by org.testng.reporters.JUnitReportReporter -->
<testsuite skipped="0" hostname="EG-AMohammad" name="test.ValidateLoginAndLaunch" tests="1" failures="0" timestamp="2019-09-23T12:03:25 EET" time="24.116" errors="0">
  <testcase name="BD_LoginSuccessfully" time="24.116" classname="test.ValidateLoginAndLaunch"/>
</testsuite> <!-- test.ValidateLoginAndLaunch -->
