<?xml version="1.0" encoding="UTF-8"?>
<!-- Generated by org.testng.reporters.JUnitReportReporter -->
<testsuite skipped="0" hostname="EG-AMohammad" name="test.ValidateCreateNewPF" tests="1" failures="0" timestamp="2019-09-29T18:41:30 EET" time="68.362" errors="0">
  <testcase name="BD_ValidateCreationOfNewPharmacyFormualry" time="68.362" classname="test.ValidateCreateNewPF"/>
</testsuite> <!-- test.ValidateCreateNewPF -->
