<?xml version="1.0" encoding="UTF-8"?>
<!-- Generated by org.testng.reporters.JUnitReportReporter -->
<testsuite skipped="0" hostname="EG-AMohammad" name="test.ValidateLoginAndLaunch" tests="2" failures="0" timestamp="2019-10-02T15:37:35 EET" time="75.858" errors="0">
  <testcase name="BD_ValidateLaunchWebsite" time="29.418" classname="test.ValidateLoginAndLaunch"/>
  <testcase name="BD_LoginSuccessfully" time="46.440" classname="test.ValidateLoginAndLaunch"/>
</testsuite> <!-- test.ValidateLoginAndLaunch -->
