<?xml version="1.0" encoding="UTF-8"?>
<!-- Generated by org.testng.reporters.JUnitReportReporter -->
<testsuite skipped="0" hostname="Eg-AMohamed" name="test.ValidateCreateAlignmentProject" tests="1" failures="0" timestamp="2019-09-12T12:25:16 EET" time="113.941" errors="0">
  <testcase name="BD_ValidateCreationOfNewAlignmentProject" time="113.941" classname="test.ValidateCreateAlignmentProject"/>
</testsuite> <!-- test.ValidateCreateAlignmentProject -->
