<?xml version="1.0" encoding="UTF-8"?>
<!-- Generated by org.testng.reporters.JUnitReportReporter -->
<testsuite skipped="0" hostname="EG-AMohammad" name="test.ValidateCreateNewIDN" tests="1" failures="0" timestamp="2019-09-16T16:12:46 EET" time="57.841" errors="0">
  <testcase name="BD_ValidateCreationOfNewHealthSystem" time="57.841" classname="test.ValidateCreateNewIDN"/>
</testsuite> <!-- test.ValidateCreateNewIDN -->
