<?xml version="1.0" encoding="UTF-8"?>
<!-- Generated by org.testng.reporters.JUnitReportReporter -->
<testsuite skipped="0" hostname="EG-AMohammad" name="test.ValidateCreateNewPF" tests="1" failures="0" timestamp="2019-10-02T15:30:09 EET" time="80.106" errors="0">
  <testcase name="BD_ValidateCreationOfNewPharmacyFormualry" time="80.106" classname="test.ValidateCreateNewPF"/>
</testsuite> <!-- test.ValidateCreateNewPF -->
