<?xml version="1.0" encoding="UTF-8"?>
<!-- Generated by org.testng.reporters.JUnitReportReporter -->
<testsuite skipped="0" hostname="Eg-AMohamed" name="test.ValidateLoginAndLaunch" tests="2" failures="0" timestamp="2019-09-11T11:03:17 EET" time="50.716" errors="0">
  <testcase name="BD_ValidateLaunchWebsite" time="20.973" classname="test.ValidateLoginAndLaunch"/>
  <testcase name="BD_LoginSuccessfully" time="29.743" classname="test.ValidateLoginAndLaunch"/>
</testsuite> <!-- test.ValidateLoginAndLaunch -->
