<?xml version="1.0" encoding="UTF-8"?>
<!-- Generated by org.testng.reporters.JUnitReportReporter -->
<testsuite skipped="0" hostname="EG-AMohammad" name="test.ValidateCreateAlignmentProject" tests="1" failures="0" timestamp="2019-09-29T18:41:30 EET" time="129.624" errors="0">
  <testcase name="BD_ValidateCreationOfNewAlignmentProject" time="129.624" classname="test.ValidateCreateAlignmentProject"/>
</testsuite> <!-- test.ValidateCreateAlignmentProject -->
