<?xml version="1.0" encoding="UTF-8"?>
<!-- Generated by org.testng.reporters.JUnitReportReporter -->
<testsuite skipped="0" hostname="Eg-AMohamed" name="test.ValidateCreateNewIDN" tests="1" failures="0" timestamp="2019-09-11T11:03:17 EET" time="52.682" errors="0">
  <testcase name="BD_ValidateCreationOfNewHealthSystem" time="52.682" classname="test.ValidateCreateNewIDN"/>
</testsuite> <!-- test.ValidateCreateNewIDN -->
