<?xml version="1.0" encoding="UTF-8"?>
<!-- Generated by org.testng.reporters.JUnitReportReporter -->
<testsuite skipped="0" hostname="EG-AMohammad" name="test.ValidateLoginAndLaunch" tests="2" failures="0" timestamp="2019-09-16T17:58:01 EET" time="54.107" errors="0">
  <testcase name="BD_ValidateLaunchWebsite" time="21.889" classname="test.ValidateLoginAndLaunch"/>
  <testcase name="BD_LoginSuccessfully" time="32.218" classname="test.ValidateLoginAndLaunch"/>
</testsuite> <!-- test.ValidateLoginAndLaunch -->
