<?xml version="1.0" encoding="UTF-8"?>
<!-- Generated by org.testng.reporters.JUnitReportReporter -->
<testsuite skipped="0" hostname="EG-AMohammad" name="test.ValidateCreateNewIDN" tests="1" failures="0" timestamp="2019-09-29T18:41:30 EET" time="71.867" errors="0">
  <testcase name="BD_ValidateCreationOfNewHealthSystem" time="71.867" classname="test.ValidateCreateNewIDN"/>
</testsuite> <!-- test.ValidateCreateNewIDN -->
