<?xml version="1.0" encoding="UTF-8"?>
<!-- Generated by org.testng.reporters.JUnitReportReporter -->
<testsuite skipped="0" hostname="EG-AMohammad" name="test.ValidateCreateAlignmentProject" tests="1" failures="0" timestamp="2019-10-01T10:24:58 EET" time="132.028" errors="0">
  <testcase name="BD_ValidateCreationOfNewAlignmentProject" time="132.028" classname="test.ValidateCreateAlignmentProject"/>
</testsuite> <!-- test.ValidateCreateAlignmentProject -->
