<?xml version="1.0" encoding="UTF-8"?>
<!-- Generated by org.testng.reporters.JUnitReportReporter -->
<testsuite skipped="0" hostname="EG-AMohammad" name="test.ValidateCreateAlignmentProject" tests="1" failures="0" timestamp="2019-10-02T15:30:09 EET" time="156.260" errors="0">
  <testcase name="BD_ValidateCreationOfNewAlignmentProject" time="156.260" classname="test.ValidateCreateAlignmentProject"/>
</testsuite> <!-- test.ValidateCreateAlignmentProject -->
