<?xml version="1.0" encoding="UTF-8"?>
<!-- Generated by org.testng.reporters.JUnitReportReporter -->
<testsuite skipped="0" hostname="EG-AMohammad" name="test.ValidateCreateNewIDN" tests="1" failures="0" timestamp="2019-11-02T00:43:32 EET" time="69.364" errors="0">
  <testcase name="BD_ValidateCreationOfNewHealthSystem" time="69.364" classname="test.ValidateCreateNewIDN"/>
</testsuite> <!-- test.ValidateCreateNewIDN -->
