<?xml version="1.0" encoding="UTF-8"?>
<!-- Generated by org.testng.reporters.JUnitReportReporter -->
<testsuite skipped="0" hostname="EG-AMohammad" name="test.ValidateLoginAndLaunch" tests="2" failures="0" timestamp="2019-09-29T18:41:30 EET" time="69.120" errors="0">
  <testcase name="BD_LoginSuccessfully" time="48.539" classname="test.ValidateLoginAndLaunch"/>
  <testcase name="BD_ValidateLaunchWebsite" time="20.581" classname="test.ValidateLoginAndLaunch"/>
</testsuite> <!-- test.ValidateLoginAndLaunch -->
