<?xml version="1.0" encoding="UTF-8"?>
<!-- Generated by org.testng.reporters.JUnitReportReporter -->
<testsuite skipped="0" hostname="Eg-AMohamed" name="test.ValidateCreateAlignmentProject" tests="1" failures="0" timestamp="2019-09-11T10:20:44 EET" time="99.957" errors="0">
  <testcase name="BD_ValidateCreationOfNewAlignmentProject" time="99.957" classname="test.ValidateCreateAlignmentProject"/>
</testsuite> <!-- test.ValidateCreateAlignmentProject -->
